# JRE version: Java(TM) SE Runtime Environment (8.0_162-b12) (build 1.8.0_162-b12)
# Java VM: Java HotSpot(TM) 64-Bit Server VM (25.162-b12 mixed mode windows-amd64 compressed oops)
Heap:
 PSYoungGen      total 146944K, used 9070K [0x00000000e0000000, 0x00000000ed800000, 0x0000000100000000)
  eden space 133120K, 6% used [0x00000000e0000000,0x00000000e08db9b0,0x00000000e8200000)
  from space 13824K, 0% used [0x00000000e8f00000,0x00000000e8f00000,0x00000000e9c80000)
  to   space 13312K, 0% used [0x00000000e8200000,0x00000000e8200000,0x00000000e8f00000)
 ParOldGen       total 111104K, used 16975K [0x00000000a0000000, 0x00000000a6c80000, 0x00000000e0000000)
  object space 111104K, 15% used [0x00000000a0000000,0x00000000a1093fd8,0x00000000a6c80000)
 Metaspace       used 35695K, capacity 36536K, committed 36864K, reserved 1081344K
  class space    used 5059K, capacity 5291K, committed 5376K, reserved 1048576K
GC Heap History (10 events):
Event: 2.127 GC heap before
{Heap before GC invocations=4 (full 1):
 PSYoungGen      total 76288K, used 9506K [0x00000000e0000000, 0x00000000e9500000, 0x0000000100000000)
  eden space 65536K, 0% used [0x00000000e0000000,0x00000000e0000000,0x00000000e4000000)
  from space 10752K, 88% used [0x00000000e4000000,0x00000000e4948800,0x00000000e4a80000)
  to   space 10752K, 0% used [0x00000000e8a80000,0x00000000e8a80000,0x00000000e9500000)
 ParOldGen       total 175104K, used 32K [0x00000000a0000000, 0x00000000aab00000, 0x00000000e0000000)
  object space 175104K, 0% used [0x00000000a0000000,0x00000000a0008000,0x00000000aab00000)
 Metaspace       used 20712K, capacity 21170K, committed 21296K, reserved 1067008K
  class space    used 2960K, capacity 3136K, committed 3200K, reserved 1048576K
Event: 2.160 GC heap after
Heap after GC invocations=4 (full 1):
 PSYoungGen      total 76288K, used 0K [0x00000000e0000000, 0x00000000e9500000, 0x0000000100000000)
  eden space 65536K, 0% used [0x00000000e0000000,0x00000000e0000000,0x00000000e4000000)
  from space 10752K, 0% used [0x00000000e4000000,0x00000000e4000000,0x00000000e4a80000)
  to   space 10752K, 0% used [0x00000000e8a80000,0x00000000e8a80000,0x00000000e9500000)
 ParOldGen       total 111104K, used 9136K [0x00000000a0000000, 0x00000000a6c80000, 0x00000000e0000000)
  object space 111104K, 8% used [0x00000000a0000000,0x00000000a08ec308,0x00000000a6c80000)
 Metaspace       used 20712K, capacity 21170K, committed 21296K, reserved 1067008K
  class space    used 2960K, capacity 3136K, committed 3200K, reserved 1048576K
}
Event: 2.694 GC heap before
{Heap before GC invocations=5 (full 1):
 PSYoungGen      total 76288K, used 65536K [0x00000000e0000000, 0x00000000e9500000, 0x0000000100000000)
  eden space 65536K, 100% used [0x00000000e0000000,0x00000000e4000000,0x00000000e4000000)
  from space 10752K, 0% used [0x00000000e4000000,0x00000000e4000000,0x00000000e4a80000)
  to   space 10752K, 0% used [0x00000000e8a80000,0x00000000e8a80000,0x00000000e9500000)
 ParOldGen       total 111104K, used 9136K [0x00000000a0000000, 0x00000000a6c80000, 0x00000000e0000000)
  object space 111104K, 8% used [0x00000000a0000000,0x00000000a08ec308,0x00000000a6c80000)
 Metaspace       used 26038K, capacity 26658K, committed 26752K, reserved 1073152K
  class space    used 3728K, capacity 3934K, committed 3968K, reserved 1048576K
Event: 2.700 GC heap after
Heap after GC invocations=5 (full 1):
 PSYoungGen      total 101376K, used 6674K [0x00000000e0000000, 0x00000000e9180000, 0x0000000100000000)
  eden space 94208K, 0% used [0x00000000e0000000,0x00000000e0000000,0x00000000e5c00000)
  from space 7168K, 93% used [0x00000000e8a80000,0x00000000e9104bb8,0x00000000e9180000)
  to   space 10752K, 0% used [0x00000000e7c80000,0x00000000e7c80000,0x00000000e8700000)
 ParOldGen       total 111104K, used 9144K [0x00000000a0000000, 0x00000000a6c80000, 0x00000000e0000000)
  object space 111104K, 8% used [0x00000000a0000000,0x00000000a08ee308,0x00000000a6c80000)
 Metaspace       used 26038K, capacity 26658K, committed 26752K, reserved 1073152K
  class space    used 3728K, capacity 3934K, committed 3968K, reserved 1048576K
}
Event: 3.897 GC heap before
{Heap before GC invocations=6 (full 1):
 PSYoungGen      total 101376K, used 100882K [0x00000000e0000000, 0x00000000e9180000, 0x0000000100000000)
  eden space 94208K, 100% used [0x00000000e0000000,0x00000000e5c00000,0x00000000e5c00000)
  from space 7168K, 93% used [0x00000000e8a80000,0x00000000e9104bb8,0x00000000e9180000)
  to   space 10752K, 0% used [0x00000000e7c80000,0x00000000e7c80000,0x00000000e8700000)
 ParOldGen       total 111104K, used 9144K [0x00000000a0000000, 0x00000000a6c80000, 0x00000000e0000000)
  object space 111104K, 8% used [0x00000000a0000000,0x00000000a08ee308,0x00000000a6c80000)
 Metaspace       used 31467K, capacity 32198K, committed 32512K, reserved 1077248K
  class space    used 4508K, capacity 4757K, committed 4864K, reserved 1048576K
Event: 3.905 GC heap after
Heap after GC invocations=6 (full 1):
 PSYoungGen      total 138240K, used 10748K [0x00000000e0000000, 0x00000000e9c80000, 0x0000000100000000)
  eden space 127488K, 0% used [0x00000000e0000000,0x00000000e0000000,0x00000000e7c80000)
  from space 10752K, 99% used [0x00000000e7c80000,0x00000000e86ff190,0x00000000e8700000)
  to   space 13824K, 0% used [0x00000000e8f00000,0x00000000e8f00000,0x00000000e9c80000)
 ParOldGen       total 111104K, used 10862K [0x00000000a0000000, 0x00000000a6c80000, 0x00000000e0000000)
  object space 111104K, 9% used [0x00000000a0000000,0x00000000a0a9b818,0x00000000a6c80000)
 Metaspace       used 31467K, capacity 32198K, committed 32512K, reserved 1077248K
  class space    used 4508K, capacity 4757K, committed 4864K, reserved 1048576K
}
Event: 4.044 GC heap before
{Heap before GC invocations=7 (full 1):
 PSYoungGen      total 138240K, used 25423K [0x00000000e0000000, 0x00000000e9c80000, 0x0000000100000000)
  eden space 127488K, 11% used [0x00000000e0000000,0x00000000e0e54d98,0x00000000e7c80000)
  from space 10752K, 99% used [0x00000000e7c80000,0x00000000e86ff190,0x00000000e8700000)
  to   space 13824K, 0% used [0x00000000e8f00000,0x00000000e8f00000,0x00000000e9c80000)
 ParOldGen       total 111104K, used 10862K [0x00000000a0000000, 0x00000000a6c80000, 0x00000000e0000000)
  object space 111104K, 9% used [0x00000000a0000000,0x00000000a0a9b818,0x00000000a6c80000)
 Metaspace       used 34517K, capacity 35334K, committed 35456K, reserved 1079296K
  class space    used 4937K, capacity 5188K, committed 5248K, reserved 1048576K
Event: 4.050 GC heap after
Heap after GC invocations=7 (full 1):
 PSYoungGen      total 146944K, used 10281K [0x00000000e0000000, 0x00000000ed800000, 0x0000000100000000)
  eden space 133120K, 0% used [0x00000000e0000000,0x00000000e0000000,0x00000000e8200000)
  from space 13824K, 74% used [0x00000000e8f00000,0x00000000e990a6c0,0x00000000e9c80000)
  to   space 13312K, 0% used [0x00000000e8200000,0x00000000e8200000,0x00000000e8f00000)
 ParOldGen       total 111104K, used 10870K [0x00000000a0000000, 0x00000000a6c80000, 0x00000000e0000000)
  object space 111104K, 9% used [0x00000000a0000000,0x00000000a0a9d818,0x00000000a6c80000)
 Metaspace       used 34517K, capacity 35334K, committed 35456K, reserved 1079296K
  class space    used 4937K, capacity 5188K, committed 5248K, reserved 1048576K
}
Event: 4.050 GC heap before
{Heap before GC invocations=8 (full 2):
 PSYoungGen      total 146944K, used 10281K [0x00000000e0000000, 0x00000000ed800000, 0x0000000100000000)
  eden space 133120K, 0% used [0x00000000e0000000,0x00000000e0000000,0x00000000e8200000)
  from space 13824K, 74% used [0x00000000e8f00000,0x00000000e990a6c0,0x00000000e9c80000)
  to   space 13312K, 0% used [0x00000000e8200000,0x00000000e8200000,0x00000000e8f00000)
 ParOldGen       total 111104K, used 10870K [0x00000000a0000000, 0x00000000a6c80000, 0x00000000e0000000)
  object space 111104K, 9% used [0x00000000a0000000,0x00000000a0a9d818,0x00000000a6c80000)
 Metaspace       used 34517K, capacity 35334K, committed 35456K, reserved 1079296K
  class space    used 4937K, capacity 5188K, committed 5248K, reserved 1048576K
Event: 4.086 GC heap after
Heap after GC invocations=8 (full 2):
 PSYoungGen      total 146944K, used 0K [0x00000000e0000000, 0x00000000ed800000, 0x0000000100000000)
  eden space 133120K, 0% used [0x00000000e0000000,0x00000000e0000000,0x00000000e8200000)
  from space 13824K, 0% used [0x00000000e8f00000,0x00000000e8f00000,0x00000000e9c80000)
  to   space 13312K, 0% used [0x00000000e8200000,0x00000000e8200000,0x00000000e8f00000)
 ParOldGen       total 111104K, used 16975K [0x00000000a0000000, 0x00000000a6c80000, 0x00000000e0000000)
  object space 111104K, 15% used [0x00000000a0000000,0x00000000a1093fd8,0x00000000a6c80000)
 Metaspace       used 34517K, capacity 35334K, committed 35456K, reserved 1079296K
  class space    used 4937K, capacity 5188K, committed 5248K, reserved 1048576K
}

