# JRE version: Java(TM) SE Runtime Environment (8.0_162-b12) (build 1.8.0_162-b12)
# Java VM: Java HotSpot(TM) 64-Bit Server VM (25.162-b12 mixed mode windows-amd64 compressed oops)
Heap:
 PSYoungGen      total 105472K, used 54597K [0x00000000e0000000, 0x00000000e9800000, 0x0000000100000000)
  eden space 94208K, 46% used [0x00000000e0000000,0x00000000e2b32888,0x00000000e5c00000)
  from space 11264K, 92% used [0x00000000e5c00000,0x00000000e661eef0,0x00000000e6700000)
  to   space 11776K, 0% used [0x00000000e8c80000,0x00000000e8c80000,0x00000000e9800000)
 ParOldGen       total 112128K, used 16685K [0x00000000a0000000, 0x00000000a6d80000, 0x00000000e0000000)
  object space 112128K, 14% used [0x00000000a0000000,0x00000000a104b5b8,0x00000000a6d80000)
 Metaspace       used 45871K, capacity 46682K, committed 46896K, reserved 1089536K
  class space    used 6404K, capacity 6644K, committed 6704K, reserved 1048576K
GC Heap History (10 events):
Event: 3.322 GC heap before
{Heap before GC invocations=5 (full 1):
 PSYoungGen      total 76288K, used 65536K [0x00000000e0000000, 0x00000000e5500000, 0x0000000100000000)
  eden space 65536K, 100% used [0x00000000e0000000,0x00000000e4000000,0x00000000e4000000)
  from space 10752K, 0% used [0x00000000e4000000,0x00000000e4000000,0x00000000e4a80000)
  to   space 10752K, 0% used [0x00000000e4a80000,0x00000000e4a80000,0x00000000e5500000)
 ParOldGen       total 112128K, used 9001K [0x00000000a0000000, 0x00000000a6d80000, 0x00000000e0000000)
  object space 112128K, 8% used [0x00000000a0000000,0x00000000a08ca6d0,0x00000000a6d80000)
 Metaspace       used 26479K, capacity 26962K, committed 27184K, reserved 1073152K
  class space    used 3731K, capacity 3874K, committed 3888K, reserved 1048576K
Event: 3.329 GC heap after
Heap after GC invocations=5 (full 1):
 PSYoungGen      total 76288K, used 7024K [0x00000000e0000000, 0x00000000e6f80000, 0x0000000100000000)
  eden space 65536K, 0% used [0x00000000e0000000,0x00000000e0000000,0x00000000e4000000)
  from space 10752K, 65% used [0x00000000e4a80000,0x00000000e515c3f8,0x00000000e5500000)
  to   space 10752K, 0% used [0x00000000e4000000,0x00000000e4000000,0x00000000e4a80000)
 ParOldGen       total 112128K, used 9009K [0x00000000a0000000, 0x00000000a6d80000, 0x00000000e0000000)
  object space 112128K, 8% used [0x00000000a0000000,0x00000000a08cc6d0,0x00000000a6d80000)
 Metaspace       used 26479K, capacity 26962K, committed 27184K, reserved 1073152K
  class space    used 3731K, capacity 3874K, committed 3888K, reserved 1048576K
}
Event: 4.098 GC heap before
{Heap before GC invocations=6 (full 1):
 PSYoungGen      total 76288K, used 72560K [0x00000000e0000000, 0x00000000e6f80000, 0x0000000100000000)
  eden space 65536K, 100% used [0x00000000e0000000,0x00000000e4000000,0x00000000e4000000)
  from space 10752K, 65% used [0x00000000e4a80000,0x00000000e515c3f8,0x00000000e5500000)
  to   space 10752K, 0% used [0x00000000e4000000,0x00000000e4000000,0x00000000e4a80000)
 ParOldGen       total 112128K, used 9009K [0x00000000a0000000, 0x00000000a6d80000, 0x00000000e0000000)
  object space 112128K, 8% used [0x00000000a0000000,0x00000000a08cc6d0,0x00000000a6d80000)
 Metaspace       used 29866K, capacity 30272K, committed 30512K, reserved 1075200K
  class space    used 4276K, capacity 4399K, committed 4400K, reserved 1048576K
Event: 4.112 GC heap after
Heap after GC invocations=6 (full 1):
 PSYoungGen      total 76288K, used 8845K [0x00000000e0000000, 0x00000000e7180000, 0x0000000100000000)
  eden space 65536K, 0% used [0x00000000e0000000,0x00000000e0000000,0x00000000e4000000)
  from space 10752K, 82% used [0x00000000e4000000,0x00000000e48a3628,0x00000000e4a80000)
  to   space 10752K, 0% used [0x00000000e6700000,0x00000000e6700000,0x00000000e7180000)
 ParOldGen       total 112128K, used 9009K [0x00000000a0000000, 0x00000000a6d80000, 0x00000000e0000000)
  object space 112128K, 8% used [0x00000000a0000000,0x00000000a08cc6d0,0x00000000a6d80000)
 Metaspace       used 29866K, capacity 30272K, committed 30512K, reserved 1075200K
  class space    used 4276K, capacity 4399K, committed 4400K, reserved 1048576K
}
Event: 4.545 GC heap before
{Heap before GC invocations=7 (full 1):
 PSYoungGen      total 76288K, used 35246K [0x00000000e0000000, 0x00000000e7180000, 0x0000000100000000)
  eden space 65536K, 40% used [0x00000000e0000000,0x00000000e19c82b8,0x00000000e4000000)
  from space 10752K, 82% used [0x00000000e4000000,0x00000000e48a3628,0x00000000e4a80000)
  to   space 10752K, 0% used [0x00000000e6700000,0x00000000e6700000,0x00000000e7180000)
 ParOldGen       total 112128K, used 9009K [0x00000000a0000000, 0x00000000a6d80000, 0x00000000e0000000)
  object space 112128K, 8% used [0x00000000a0000000,0x00000000a08cc6d0,0x00000000a6d80000)
 Metaspace       used 34812K, capacity 35294K, committed 35496K, reserved 1079296K
  class space    used 4898K, capacity 5081K, committed 5168K, reserved 1048576K
Event: 4.553 GC heap after
Heap after GC invocations=7 (full 1):
 PSYoungGen      total 104960K, used 9609K [0x00000000e0000000, 0x00000000e7400000, 0x0000000100000000)
  eden space 94208K, 0% used [0x00000000e0000000,0x00000000e0000000,0x00000000e5c00000)
  from space 10752K, 89% used [0x00000000e6700000,0x00000000e7062420,0x00000000e7180000)
  to   space 11264K, 0% used [0x00000000e5c00000,0x00000000e5c00000,0x00000000e6700000)
 ParOldGen       total 112128K, used 9017K [0x00000000a0000000, 0x00000000a6d80000, 0x00000000e0000000)
  object space 112128K, 8% used [0x00000000a0000000,0x00000000a08ce6d0,0x00000000a6d80000)
 Metaspace       used 34812K, capacity 35294K, committed 35496K, reserved 1079296K
  class space    used 4898K, capacity 5081K, committed 5168K, reserved 1048576K
}
Event: 4.553 GC heap before
{Heap before GC invocations=8 (full 2):
 PSYoungGen      total 104960K, used 9609K [0x00000000e0000000, 0x00000000e7400000, 0x0000000100000000)
  eden space 94208K, 0% used [0x00000000e0000000,0x00000000e0000000,0x00000000e5c00000)
  from space 10752K, 89% used [0x00000000e6700000,0x00000000e7062420,0x00000000e7180000)
  to   space 11264K, 0% used [0x00000000e5c00000,0x00000000e5c00000,0x00000000e6700000)
 ParOldGen       total 112128K, used 9017K [0x00000000a0000000, 0x00000000a6d80000, 0x00000000e0000000)
  object space 112128K, 8% used [0x00000000a0000000,0x00000000a08ce6d0,0x00000000a6d80000)
 Metaspace       used 34812K, capacity 35294K, committed 35496K, reserved 1079296K
  class space    used 4898K, capacity 5081K, committed 5168K, reserved 1048576K
Event: 4.601 GC heap after
Heap after GC invocations=8 (full 2):
 PSYoungGen      total 104960K, used 0K [0x00000000e0000000, 0x00000000e7400000, 0x0000000100000000)
  eden space 94208K, 0% used [0x00000000e0000000,0x00000000e0000000,0x00000000e5c00000)
  from space 10752K, 0% used [0x00000000e6700000,0x00000000e6700000,0x00000000e7180000)
  to   space 11264K, 0% used [0x00000000e5c00000,0x00000000e5c00000,0x00000000e6700000)
 ParOldGen       total 112128K, used 16677K [0x00000000a0000000, 0x00000000a6d80000, 0x00000000e0000000)
  object space 112128K, 14% used [0x00000000a0000000,0x00000000a10495b8,0x00000000a6d80000)
 Metaspace       used 34812K, capacity 35294K, committed 35496K, reserved 1079296K
  class space    used 4898K, capacity 5081K, committed 5168K, reserved 1048576K
}
Event: 5.524 GC heap before
{Heap before GC invocations=9 (full 2):
 PSYoungGen      total 104960K, used 94208K [0x00000000e0000000, 0x00000000e7400000, 0x0000000100000000)
  eden space 94208K, 100% used [0x00000000e0000000,0x00000000e5c00000,0x00000000e5c00000)
  from space 10752K, 0% used [0x00000000e6700000,0x00000000e6700000,0x00000000e7180000)
  to   space 11264K, 0% used [0x00000000e5c00000,0x00000000e5c00000,0x00000000e6700000)
 ParOldGen       total 112128K, used 16677K [0x00000000a0000000, 0x00000000a6d80000, 0x00000000e0000000)
  object space 112128K, 14% used [0x00000000a0000000,0x00000000a10495b8,0x00000000a6d80000)
 Metaspace       used 40125K, capacity 40860K, committed 41264K, reserved 1085440K
  class space    used 5597K, capacity 5815K, committed 5936K, reserved 1048576K
Event: 5.534 GC heap after
Heap after GC invocations=9 (full 2):
 PSYoungGen      total 105472K, used 10363K [0x00000000e0000000, 0x00000000e9800000, 0x0000000100000000)
  eden space 94208K, 0% used [0x00000000e0000000,0x00000000e0000000,0x00000000e5c00000)
  from space 11264K, 92% used [0x00000000e5c00000,0x00000000e661eef0,0x00000000e6700000)
  to   space 11776K, 0% used [0x00000000e8c80000,0x00000000e8c80000,0x00000000e9800000)
 ParOldGen       total 112128K, used 16685K [0x00000000a0000000, 0x00000000a6d80000, 0x00000000e0000000)
  object space 112128K, 14% used [0x00000000a0000000,0x00000000a104b5b8,0x00000000a6d80000)
 Metaspace       used 40125K, capacity 40860K, committed 41264K, reserved 1085440K
  class space    used 5597K, capacity 5815K, committed 5936K, reserved 1048576K
}

